<?xml version="1.0" encoding="utf-8"?><testsuites name="pytest tests"><testsuite name="pytest" errors="0" failures="0" skipped="0" tests="8" time="1.542" timestamp="2026-06-20T09:45:47.434615+00:00" hostname="agent-env-a265db26-24a9-4e25-9a3b-ac3403ab2f2e"><testcase classname="backend.tests.test_briefs.TestHealth" name="test_api_root" time="0.266" /><testcase classname="backend.tests.test_briefs.TestProjects" name="test_list_projects" time="0.046" /><testcase classname="backend.tests.test_briefs.TestProjects" name="test_get_project_by_slug" time="0.045" /><testcase classname="backend.tests.test_briefs.TestProjects" name="test_get_project_404" time="0.044" /><testcase classname="backend.tests.test_briefs.TestBriefsValidation" name="test_invalid_email_returns_422_with_pydantic_detail" time="0.042" /><testcase classname="backend.tests.test_briefs.TestBriefsRateLimit" name="test_sixth_post_returns_429" time="0.390" /><testcase classname="backend.tests.test_briefs.TestBriefsRateLimit" name="test_other_ip_still_allowed" time="0.049" /><testcase classname="backend.tests.test_briefs.TestResendNoOp" name="test_brief_persists_and_email_no_op" time="0.591" /></testsuite></testsuites>